빌드 시작: 2014-07-13 오후 9:21:38
     1>2 노드의 "C:\Users\Sunho\Desktop\할배_Original\Console_drcwifi\Console_drcwifi.vcxproj" 프로젝트(build 대상)입니다.
     1>InitializeBuildStatus:
         "AlwaysCreate"이(가) 지정되었기 때문에 "Debug\Console_drcwifi.unsuccessfulbuild"을(를) 만들고 있습니다.
       ClCompile:
         모든 출력이 최신 상태입니다.
         C:\Program Files\Microsoft Visual Studio 10.0\VC\bin\CL.exe /c /ZI /nologo /W3 /WX- /Od /Oy- /D WIN32 /D _DEBUG /D _CONSOLE /D _MBCS /Gm /EHsc /RTC1 /MDd /GS /fp:precise /Zc:wchar_t /Zc:forScope /Yu"StdAfx.h" /Fp"Debug\Console_drcwifi.pch" /Fo"Debug\\" /Fd"Debug\vc100.pdb" /Gd /TP /analyze- /errorReport:prompt Console_drcwifi.cpp
         Console_drcwifi.cpp
     1>c:\opencv2.3\build\include\opencv2\flann\logger.h(70): warning C4996: 'fopen': This function or variable may be unsafe. Consider using fopen_s instead. To disable deprecation, use _CRT_SECURE_NO_WARNINGS. See online help for details.
                 c:\program files\microsoft visual studio 10.0\vc\include\stdio.h(234) : 'fopen' 선언을 참조하십시오.
     1>c:\opencv2.3\build\include\opencv2\flann\dist.h : warning C4819: 현재 코드 페이지(949)에서 표시할 수 없는 문자가 파일에 들어 있습니다. 데이터가 손실되지 않게 하려면 해당 파일을 유니코드 형식으로 저장하십시오.
     1>c:\opencv2.3\build\include\opencv2\flann\dist.h : warning C4819: 현재 코드 페이지(949)에서 표시할 수 없는 문자가 파일에 들어 있습니다. 데이터가 손실되지 않게 하려면 해당 파일을 유니코드 형식으로 저장하십시오.
     1>c:\users\sunho\desktop\할배_original\console_drcwifi\console_drcwifi.cpp(146): warning C4018: '<' : signed 또는 unsigned가 일치하지 않습니다.
     1>c:\users\sunho\desktop\할배_original\console_drcwifi\console_drcwifi.cpp(160): warning C4018: '<' : signed 또는 unsigned가 일치하지 않습니다.
       ManifestResourceCompile:
         모든 출력이 최신 상태입니다.
       Link:
         C:\Program Files\Microsoft Visual Studio 10.0\VC\bin\link.exe /ERRORREPORT:PROMPT /OUT:"C:\Users\Sunho\Desktop\할배_Original\Debug\Console_drcwifi.exe" /INCREMENTAL /NOLOGO kernel32.lib user32.lib gdi32.lib winspool.lib comdlg32.lib advapi32.lib shell32.lib ole32.lib oleaut32.lib uuid.lib odbc32.lib odbccp32.lib /MANIFEST /ManifestFile:"Debug\Console_drcwifi.exe.intermediate.manifest" /MANIFESTUAC:"level='asInvoker' uiAccess='false'" /DEBUG /PDB:"C:\Users\Sunho\Desktop\할배_Original\Debug\Console_drcwifi.pdb" /SUBSYSTEM:CONSOLE /TLBID:1 /DYNAMICBASE /NXCOMPAT /IMPLIB:"C:\Users\Sunho\Desktop\할배_Original\Debug\Console_drcwifi.lib" /MACHINE:X86 Debug\Console_drcwifi.exe.embed.manifest.res
         Debug\Console_drcwifi.obj
         Debug\SerialPort.obj
         Debug\stdafx.obj
       Manifest:
         C:\Program Files\Microsoft SDKs\Windows\v7.0A\bin\mt.exe /nologo /verbose /out:"Debug\Console_drcwifi.exe.embed.manifest" /manifest Debug\Console_drcwifi.exe.intermediate.manifest
         모든 출력이 최신 상태입니다.
       LinkEmbedManifest:
         모든 출력이 최신 상태입니다.
         Console_drcwifi.vcxproj -> C:\Users\Sunho\Desktop\할배_Original\Debug\Console_drcwifi.exe
       FinalizeBuildStatus:
         "Debug\Console_drcwifi.unsuccessfulbuild" 파일을 삭제하고 있습니다.
         "Debug\Console_drcwifi.lastbuildstate"에 연결(touching)하고 있습니다.
     1>"C:\Users\Sunho\Desktop\할배_Original\Console_drcwifi\Console_drcwifi.vcxproj" 프로젝트를 빌드했습니다(build 대상).

빌드했습니다.

경과 시간: 00:00:09.95
