C:\Users\KIJ\Desktop\할배_Original\Console_drcwifi\Debug\cl.command.1.tlog
C:\Users\KIJ\Desktop\할배_Original\Console_drcwifi\Debug\CL.read.1.tlog
C:\Users\KIJ\Desktop\할배_Original\Console_drcwifi\Debug\CL.write.1.tlog
C:\USERS\KIJ\DESKTOP\할배_ORIGINAL\CONSOLE_DRCWIFI\DEBUG\CONSOLE_DRCWIFI.EXE.EMBED.MANIFEST
C:\USERS\KIJ\DESKTOP\할배_ORIGINAL\CONSOLE_DRCWIFI\DEBUG\CONSOLE_DRCWIFI.EXE.EMBED.MANIFEST.RES
C:\USERS\KIJ\DESKTOP\할배_ORIGINAL\CONSOLE_DRCWIFI\DEBUG\CONSOLE_DRCWIFI.EXE.INTERMEDIATE.MANIFEST
C:\USERS\KIJ\DESKTOP\할배_ORIGINAL\CONSOLE_DRCWIFI\DEBUG\CONSOLE_DRCWIFI.OBJ
C:\USERS\KIJ\DESKTOP\할배_ORIGINAL\CONSOLE_DRCWIFI\DEBUG\CONSOLE_DRCWIFI.PCH
C:\Users\KIJ\Desktop\할배_Original\Console_drcwifi\Debug\Console_drcwifi.write.1.tlog
C:\Users\KIJ\Desktop\할배_Original\Console_drcwifi\Debug\Console_drcwifi_manifest.rc
C:\Users\KIJ\Desktop\할배_Original\Console_drcwifi\Debug\link.command.1.tlog
C:\Users\KIJ\Desktop\할배_Original\Console_drcwifi\Debug\link.read.1.tlog
C:\Users\KIJ\Desktop\할배_Original\Console_drcwifi\Debug\link.write.1.tlog
C:\Users\KIJ\Desktop\할배_Original\Console_drcwifi\Debug\link-cvtres.read.1.tlog
C:\Users\KIJ\Desktop\할배_Original\Console_drcwifi\Debug\link-cvtres.write.1.tlog
C:\Users\KIJ\Desktop\할배_Original\Console_drcwifi\Debug\mt.command.1.tlog
C:\Users\KIJ\Desktop\할배_Original\Console_drcwifi\Debug\mt.read.1.tlog
C:\Users\KIJ\Desktop\할배_Original\Console_drcwifi\Debug\mt.write.1.tlog
C:\Users\KIJ\Desktop\할배_Original\Console_drcwifi\Debug\rc.command.1.tlog
C:\Users\KIJ\Desktop\할배_Original\Console_drcwifi\Debug\rc.read.1.tlog
C:\Users\KIJ\Desktop\할배_Original\Console_drcwifi\Debug\rc.write.1.tlog
C:\USERS\KIJ\DESKTOP\할배_ORIGINAL\CONSOLE_DRCWIFI\DEBUG\SERIALPORT.OBJ
C:\USERS\KIJ\DESKTOP\할배_ORIGINAL\CONSOLE_DRCWIFI\DEBUG\STDAFX.OBJ
C:\Users\KIJ\Desktop\할배_Original\Console_drcwifi\Debug\vc100.idb
C:\USERS\KIJ\DESKTOP\할배_ORIGINAL\CONSOLE_DRCWIFI\DEBUG\VC100.PDB
C:\USERS\KIJ\DESKTOP\할배_ORIGINAL\DEBUG\CONSOLE_DRCWIFI.EXE
C:\USERS\KIJ\DESKTOP\할배_ORIGINAL\DEBUG\CONSOLE_DRCWIFI.ILK
C:\USERS\KIJ\DESKTOP\할배_ORIGINAL\DEBUG\CONSOLE_DRCWIFI.PDB
